<?xml version="1.0" encoding="UTF-8"?>
<!-- Generated by org.testng.reporters.JUnitReportReporter -->
<testsuite hostname="MacBook-Pro.bbrouter" failures="0" tests="4" name="Rest_Assured.dummy_api" time="2.244" errors="0" timestamp="2024-06-03T19:17:01 IST" skipped="3">
  <testcase classname="Rest_Assured.dummy_api" name="delete_product" time="2.244"/>
  <system-out/>
  <testcase classname="Rest_Assured.dummy_api" name="Login_gettoken">
    <skipped/>
  </testcase> <!-- Login_gettoken -->
  <system-out/>
  <testcase classname="Rest_Assured.dummy_api" name="refreshtoken">
    <skipped/>
  </testcase> <!-- refreshtoken -->
  <system-out/>
  <testcase classname="Rest_Assured.dummy_api" name="getauthenticateduser">
    <skipped/>
  </testcase> <!-- getauthenticateduser -->
  <system-out/>
</testsuite> <!-- Rest_Assured.dummy_api -->
